

Version:	3.14
CmdLine:	C:\Users\ekate\Desktop\IdeaProjects\ImageConvecter\exeStarters\Render.exe --l4j-debug
WOW64:		yes
Working dir:	C:\Users\ekate\Desktop\IdeaProjects\ImageConvecter\exeStarters\.
Java min ver:	1.014.000
Java max ver:	1.015.000
64-bit search:	SOFTWARE\JavaSoft\Java Runtime Environment...
Check:		SOFTWARE\JavaSoft\Java Runtime Environment\1.8
Ignore:		1.008.000
Check:		SOFTWARE\JavaSoft\Java Runtime Environment\1.8.0_261
Ignore:		1.008.000_261
32-bit search:	SOFTWARE\JavaSoft\Java Runtime Environment...
Check:		SOFTWARE\JavaSoft\Java Runtime Environment\1.8
Ignore:		1.008.000
Check:		SOFTWARE\JavaSoft\Java Runtime Environment\1.8.0_261
Ignore:		1.008.000_261
64-bit search:	SOFTWARE\JavaSoft\Java Development Kit...
32-bit search:	SOFTWARE\JavaSoft\Java Development Kit...
64-bit search:	SOFTWARE\JavaSoft\JRE...
32-bit search:	SOFTWARE\JavaSoft\JRE...
64-bit search:	SOFTWARE\JavaSoft\JDK...
Check:		SOFTWARE\JavaSoft\JDK\11.0.8
Ignore:		1.011.000_008
Check:		SOFTWARE\JavaSoft\JDK\14.0.2
Check launcher:	C:\Program Files\Java\jdk-14.0.2\bin\javaw.exe (OK)
Match:		1.014.000_002
Check:		SOFTWARE\JavaSoft\JDK\15
Check launcher:	C:\Program Files\Java\jdk-15\bin\javaw.exe (OK)
Match:		1.015.000
Check:		SOFTWARE\JavaSoft\JDK\15.0.2
Ignore:		1.015.000_002
Runtime used:	1.015.000 (64-bit)
Main class:	Main
Info:		Classpath not defined.
Launcher:	C:\Program Files\Java\jdk-15\bin\javaw.exe
Launcher args:	-classpath "C:\Users\ekate\Desktop\IdeaProjects\ImageConvecter\exeStarters\Render.exe" Main --source ="C:\Users\ekate\Desktop\IdeaProjects\ImageConvecter\asserts\cow.obj" --output="result.ppm"
Args length:	192/32768 chars
Exit code:	0


Version:	3.14
CmdLine:	C:\Users\ekate\Desktop\IdeaProjects\ImageConvecter\exeStarters\Render.exe --l4j-debug
WOW64:		yes
Working dir:	C:\Users\ekate\Desktop\IdeaProjects\ImageConvecter\exeStarters\.
Java min ver:	1.014.000
Java max ver:	1.015.000
64-bit search:	SOFTWARE\JavaSoft\Java Runtime Environment...
Check:		SOFTWARE\JavaSoft\Java Runtime Environment\1.8
Ignore:		1.008.000
Check:		SOFTWARE\JavaSoft\Java Runtime Environment\1.8.0_261
Ignore:		1.008.000_261
32-bit search:	SOFTWARE\JavaSoft\Java Runtime Environment...
Check:		SOFTWARE\JavaSoft\Java Runtime Environment\1.8
Ignore:		1.008.000
Check:		SOFTWARE\JavaSoft\Java Runtime Environment\1.8.0_261
Ignore:		1.008.000_261
64-bit search:	SOFTWARE\JavaSoft\Java Development Kit...
32-bit search:	SOFTWARE\JavaSoft\Java Development Kit...
64-bit search:	SOFTWARE\JavaSoft\JRE...
32-bit search:	SOFTWARE\JavaSoft\JRE...
64-bit search:	SOFTWARE\JavaSoft\JDK...
Check:		SOFTWARE\JavaSoft\JDK\11.0.8
Ignore:		1.011.000_008
Check:		SOFTWARE\JavaSoft\JDK\14.0.2
Check launcher:	C:\Program Files\Java\jdk-14.0.2\bin\javaw.exe (OK)
Match:		1.014.000_002
Check:		SOFTWARE\JavaSoft\JDK\15
Check launcher:	C:\Program Files\Java\jdk-15\bin\javaw.exe (OK)
Match:		1.015.000
Check:		SOFTWARE\JavaSoft\JDK\15.0.2
Ignore:		1.015.000_002
Runtime used:	1.015.000 (64-bit)
Main class:	Main
Info:		Classpath not defined.
Launcher:	C:\Program Files\Java\jdk-15\bin\javaw.exe
Launcher args:	-classpath "C:\Users\ekate\Desktop\IdeaProjects\ImageConvecter\exeStarters\Render.exe" Main --source ="C:\Users\ekate\Desktop\IdeaProjects\ImageConvecter\asserts\cow.obj" --output="result.ppm"
Args length:	192/32768 chars
Exit code:	0


Version:	3.14
CmdLine:	C:\Users\ekate\Desktop\IdeaProjects\ImageConvecter\exeStarters\Render.exe --l4j-debug
WOW64:		yes
Working dir:	C:\Users\ekate\Desktop\IdeaProjects\ImageConvecter\exeStarters\.
Java min ver:	1.014.000
Java max ver:	1.015.000
64-bit search:	SOFTWARE\JavaSoft\Java Runtime Environment...
Check:		SOFTWARE\JavaSoft\Java Runtime Environment\1.8
Ignore:		1.008.000
Check:		SOFTWARE\JavaSoft\Java Runtime Environment\1.8.0_261
Ignore:		1.008.000_261
32-bit search:	SOFTWARE\JavaSoft\Java Runtime Environment...
Check:		SOFTWARE\JavaSoft\Java Runtime Environment\1.8
Ignore:		1.008.000
Check:		SOFTWARE\JavaSoft\Java Runtime Environment\1.8.0_261
Ignore:		1.008.000_261
64-bit search:	SOFTWARE\JavaSoft\Java Development Kit...
32-bit search:	SOFTWARE\JavaSoft\Java Development Kit...
64-bit search:	SOFTWARE\JavaSoft\JRE...
32-bit search:	SOFTWARE\JavaSoft\JRE...
64-bit search:	SOFTWARE\JavaSoft\JDK...
Check:		SOFTWARE\JavaSoft\JDK\11.0.8
Ignore:		1.011.000_008
Check:		SOFTWARE\JavaSoft\JDK\14.0.2
Check launcher:	C:\Program Files\Java\jdk-14.0.2\bin\javaw.exe (OK)
Match:		1.014.000_002
Check:		SOFTWARE\JavaSoft\JDK\15
Check launcher:	C:\Program Files\Java\jdk-15\bin\javaw.exe (OK)
Match:		1.015.000
Check:		SOFTWARE\JavaSoft\JDK\15.0.2
Ignore:		1.015.000_002
Runtime used:	1.015.000 (64-bit)
Main class:	Main
Info:		Classpath not defined.
Launcher:	C:\Program Files\Java\jdk-15\bin\javaw.exe
Launcher args:	-classpath "C:\Users\ekate\Desktop\IdeaProjects\ImageConvecter\exeStarters\Render.exe" Main --source ="C:\Users\ekate\Desktop\IdeaProjects\ImageConvecter\asserts\cow.obj" --output="result2.ppm"
Args length:	193/32768 chars
Exit code:	0
